<?xml version="1.0" encoding="UTF-8"?>
<Site BuildName="Linux-g++"
	BuildStamp="20240616-0927-Experimental"
	Name="cwl"
	Generator="ctest-3.22.1"
	CompilerName="/usr/bin/g++"
	CompilerVersion="13.1.0"
	OSName="Linux"
	Hostname="cwl"
	OSRelease="5.19.0-50-generic"
	OSVersion="#50-Ubuntu SMP PREEMPT_DYNAMIC Mon Jul 10 18:24:29 UTC 2023"
	OSPlatform="x86_64"
	Is64Bits="1"
	VendorString="GenuineIntel"
	VendorID="Intel Corporation"
	FamilyID="6"
	ModelID="141"
	ProcessorCacheSize="12288"
	NumberOfLogicalCPU="12"
	NumberOfPhysicalCPU="6"
	TotalVirtualMemory="31249"
	TotalPhysicalMemory="15838"
	LogicalProcessorsPerPhysical="2"
	ProcessorClockFrequency="4002.32"
	>
	<Testing>
		<StartDateTime>Jun 16 17:27 CST</StartDateTime>
		<StartTestTime>1718530073</StartTestTime>
		<TestList/>
		<EndDateTime>Jun 16 17:27 CST</EndDateTime>
		<EndTestTime>1718530073</EndTestTime>
		<ElapsedMinutes>0</ElapsedMinutes>
	</Testing>
</Site>
